<?xml version="1.0" encoding="UTF-8"?>
<!-- Generated by org.testng.reporters.JUnitReportReporter -->
<testsuite hostname="DESKTOP-T4AH2G5" failures="0" tests="4" name="verify_function.Stock_mangement" time="0.005" errors="0" timestamp="12 Jan 2024 11:44:16 GMT" skipped="0">
  <testcase classname="verify_function.Stock_mangement" name="update_stock" time="0.001"/>
  <testcase classname="verify_function.Stock_mangement" name="delete_stock" time="0.001"/>
  <testcase classname="verify_function.Stock_mangement" name="add_stock" time="0.002"/>
  <testcase classname="verify_function.Stock_mangement" name="verify_stock" time="0.001"/>
</testsuite> <!-- verify_function.Stock_mangement -->
